<?xml version="1.0" encoding="UTF-8"?>
<!-- Generated by org.testng.reporters.JUnitReportReporter -->
<testsuite hostname="SumathiLaptop" failures="0" tests="3" name="TestSuite.Module2" time="0.016" errors="0" timestamp="2024-12-04T11:28:25 CST" skipped="0">
  <testcase classname="TestSuite.Module2" name="test004" time="0.003"/>
  <system-out/>
  <testcase classname="TestSuite.Module2" name="test001" time="0.011"/>
  <system-out/>
  <testcase classname="TestSuite.Module2" name="test005" time="0.002"/>
  <system-out/>
</testsuite> <!-- TestSuite.Module2 -->
