<?xml version="1.0" encoding="UTF-8"?>
<!-- Generated by org.testng.reporters.JUnitReportReporter -->
<testsuite hostname="SumathiLaptop" failures="0" tests="2" name="TestSuite.Module1" time="0.011" errors="0" timestamp="2024-12-04T14:03:18 CST" skipped="0">
  <testcase classname="TestSuite.Module1" name="printdata" time="0.001"/>
  <system-out/>
  <testcase classname="TestSuite.Module1" name="printdata" time="0.010"/>
  <system-out/>
</testsuite> <!-- TestSuite.Module1 -->
