<?xml version="1.0" encoding="UTF-8"?>
<!-- Generated by org.testng.reporters.JUnitReportReporter -->
<testsuite hostname="SumathiLaptop" failures="0" tests="1" name="window_handling.GmailLoginTest" time="3.015" errors="0" timestamp="2024-12-05T20:59:44 CST" skipped="0">
  <testcase classname="window_handling.GmailLoginTest" name="setup" time="3.015"/>
  <system-out/>
</testsuite> <!-- window_handling.GmailLoginTest -->
